This file contains any messages produced by compilers while
running configure, to aid debugging if configure makes a mistake.

It was created by hif configure 1.0.0, which was
generated by GNU Autoconf 2.69.  Invocation command line was

  $ ./configure 

## --------- ##
## Platform. ##
## --------- ##

hostname = MWQ0KWG8WL
uname -m = x86_64
uname -r = 18.0.0
uname -s = Darwin
uname -v = Darwin Kernel Version 18.0.0: Wed Aug 22 20:13:40 PDT 2018; root:xnu-4903.201.2~1/RELEASE_X86_64

/usr/bin/uname -p = i386
/bin/uname -X     = unknown

/bin/arch              = unknown
/usr/bin/arch -k       = unknown
/usr/convex/getsysinfo = unknown
/usr/bin/hostinfo      = Mach kernel version:
	 Darwin Kernel Version 18.0.0: Wed Aug 22 20:13:40 PDT 2018; root:xnu-4903.201.2~1/RELEASE_X86_64
Kernel configured for up to 8 processors.
4 processors are physically available.
8 processors are logically available.
Processor type: x86_64h (Intel x86-64h Haswell)
Processors active: 0 1 2 3 4 5 6 7
Primary memory available: 16.00 gigabytes
Default processor set: 312 tasks, 1436 threads, 8 processors
Load average: 1.53, Mach factor: 6.46
/bin/machine           = unknown
/usr/bin/oslevel       = unknown
/bin/universe          = unknown

PATH: /usr/local/bin
PATH: /usr/bin
PATH: /bin
PATH: /usr/sbin
PATH: /sbin
PATH: /Library/TeX/texbin
PATH: /usr/local/munki


## ----------- ##
## Core tests. ##
## ----------- ##

configure:1877: checking for a BSD-compatible install
configure:1945: result: /usr/bin/install -c
configure:1956: checking whether build environment is sane
configure:2011: result: yes
configure:2162: checking for a thread-safe mkdir -p
configure:2201: result: ./install-sh -c -d
configure:2208: checking for gawk
configure:2238: result: no
configure:2208: checking for mawk
configure:2238: result: no
configure:2208: checking for nawk
configure:2238: result: no
configure:2208: checking for awk
configure:2224: found /usr/bin/awk
configure:2235: result: awk
configure:2246: checking whether make sets $(MAKE)
configure:2268: result: yes
configure:2297: checking whether make supports nested variables
configure:2314: result: yes
configure:2488: checking for gcc
configure:2504: found /usr/bin/gcc
configure:2515: result: gcc
configure:2744: checking for C compiler version
configure:2753: gcc --version >&5
Apple LLVM version 10.0.0 (clang-1000.10.44.2)
Target: x86_64-apple-darwin18.0.0
Thread model: posix
InstalledDir: /Library/Developer/CommandLineTools/usr/bin
Configured with: --prefix=/Library/Developer/CommandLineTools/usr --with-gxx-include-dir=/Library/Developer/CommandLineTools/SDKs/MacOSX10.14.sdk/usr/include/c++/4.2.1
configure:2764: $? = 0
configure:2753: gcc -v >&5
Configured with: --prefix=/Library/Developer/CommandLineTools/usr --with-gxx-include-dir=/Library/Developer/CommandLineTools/SDKs/MacOSX10.14.sdk/usr/include/c++/4.2.1
Apple LLVM version 10.0.0 (clang-1000.10.44.2)
Target: x86_64-apple-darwin18.0.0
Thread model: posix
InstalledDir: /Library/Developer/CommandLineTools/usr/bin
configure:2764: $? = 0
configure:2753: gcc -V >&5
clang: error: argument to '-V' is missing (expected 1 value)
clang: error: no input files
configure:2764: $? = 1
configure:2753: gcc -qversion >&5
clang: error: unknown argument: '-qversion'
clang: error: no input files
configure:2764: $? = 1
configure:2784: checking whether the C compiler works
configure:2806: gcc    conftest.c  >&5
configure:2810: $? = 0
configure:2858: result: yes
configure:2861: checking for C compiler default output file name
configure:2863: result: a.out
configure:2869: checking for suffix of executables
configure:2876: gcc -o conftest    conftest.c  >&5
configure:2880: $? = 0
configure:2902: result: 
configure:2924: checking whether we are cross compiling
configure:2932: gcc -o conftest    conftest.c  >&5
configure:2936: $? = 0
configure:2943: ./conftest
configure:2947: $? = 0
configure:2962: result: no
configure:2967: checking for suffix of object files
configure:2989: gcc -c   conftest.c >&5
configure:2993: $? = 0
configure:3014: result: o
configure:3018: checking whether we are using the GNU C compiler
configure:3037: gcc -c   conftest.c >&5
configure:3037: $? = 0
configure:3046: result: yes
configure:3055: checking whether gcc accepts -g
configure:3075: gcc -c -g  conftest.c >&5
configure:3075: $? = 0
configure:3116: result: yes
configure:3133: checking for gcc option to accept ISO C89
configure:3196: gcc  -c -g -O2  conftest.c >&5
configure:3196: $? = 0
configure:3209: result: none needed
configure:3234: checking whether gcc understands -c and -o together
configure:3256: gcc -c conftest.c -o conftest2.o
configure:3259: $? = 0
configure:3256: gcc -c conftest.c -o conftest2.o
configure:3259: $? = 0
configure:3271: result: yes
configure:3291: checking whether make supports the include directive
configure:3306: make -f confmf.GNU && cat confinc.out
this is the am__doit target
configure:3309: $? = 0
configure:3328: result: yes (GNU style)
configure:3353: checking dependency style of gcc
configure:3464: result: gcc3
configure:3485: checking for library containing sqlite3_open
configure:3516: gcc -o conftest -g -O2   conftest.c  >&5
Undefined symbols for architecture x86_64:
  "_sqlite3_open", referenced from:
      _main in conftest-caab56.o
ld: symbol(s) not found for architecture x86_64
clang: error: linker command failed with exit code 1 (use -v to see invocation)
configure:3516: $? = 1
configure: failed program was:
| /* confdefs.h */
| #define PACKAGE_NAME "hif"
| #define PACKAGE_TARNAME "hif"
| #define PACKAGE_VERSION "1.0.0"
| #define PACKAGE_STRING "hif 1.0.0"
| #define PACKAGE_BUGREPORT "jgshort@openiep.com"
| #define PACKAGE_URL ""
| #define PACKAGE "hif"
| #define VERSION "1.0.0"
| /* end confdefs.h.  */
| 
| /* Override any GCC internal prototype to avoid an error.
|    Use char because int might match the return type of a GCC
|    builtin and then its argument prototype would still apply.  */
| #ifdef __cplusplus
| extern "C"
| #endif
| char sqlite3_open ();
| int
| main ()
| {
| return sqlite3_open ();
|   ;
|   return 0;
| }
configure:3516: gcc -o conftest -g -O2   conftest.c -lsqlite3   >&5
configure:3516: $? = 0
configure:3533: result: -lsqlite3
configure:3654: checking that generated files are newer than configure
configure:3660: result: done
configure:3683: creating ./config.status

## ---------------------- ##
## Running config.status. ##
## ---------------------- ##

This file was extended by hif config.status 1.0.0, which was
generated by GNU Autoconf 2.69.  Invocation command line was

  CONFIG_FILES    = 
  CONFIG_HEADERS  = 
  CONFIG_LINKS    = 
  CONFIG_COMMANDS = 
  $ ./config.status 

on MWQ0KWG8WL

config.status:840: creating Makefile
config.status:840: creating src/Makefile
config.status:840: creating config.h
config.status:1069: executing depfiles commands
config.status:1146: cd src       && sed -e '/# am--include-marker/d' Makefile         | make -f - am--depfiles
config.status:1151: $? = 0

## ---------------- ##
## Cache variables. ##
## ---------------- ##

ac_cv_c_compiler_gnu=yes
ac_cv_env_CC_set=
ac_cv_env_CC_value=
ac_cv_env_CFLAGS_set=
ac_cv_env_CFLAGS_value=
ac_cv_env_CPPFLAGS_set=
ac_cv_env_CPPFLAGS_value=
ac_cv_env_LDFLAGS_set=
ac_cv_env_LDFLAGS_value=
ac_cv_env_LIBS_set=
ac_cv_env_LIBS_value=
ac_cv_env_build_alias_set=
ac_cv_env_build_alias_value=
ac_cv_env_host_alias_set=
ac_cv_env_host_alias_value=
ac_cv_env_target_alias_set=
ac_cv_env_target_alias_value=
ac_cv_objext=o
ac_cv_path_install='/usr/bin/install -c'
ac_cv_prog_AWK=awk
ac_cv_prog_ac_ct_CC=gcc
ac_cv_prog_cc_c89=
ac_cv_prog_cc_g=yes
ac_cv_prog_make_make_set=yes
ac_cv_search_sqlite3_open=-lsqlite3
am_cv_CC_dependencies_compiler_type=gcc3
am_cv_make_support_nested_variables=yes
am_cv_prog_cc_c_o=yes

## ----------------- ##
## Output variables. ##
## ----------------- ##

ACLOCAL='${SHELL} /Users/jaso3868/src/personal/hif/missing aclocal-1.16'
AMDEPBACKSLASH='\'
AMDEP_FALSE='#'
AMDEP_TRUE=''
AMTAR='$${TAR-tar}'
AM_BACKSLASH='\'
AM_DEFAULT_V='$(AM_DEFAULT_VERBOSITY)'
AM_DEFAULT_VERBOSITY='1'
AM_V='$(V)'
AUTOCONF='${SHELL} /Users/jaso3868/src/personal/hif/missing autoconf'
AUTOHEADER='${SHELL} /Users/jaso3868/src/personal/hif/missing autoheader'
AUTOMAKE='${SHELL} /Users/jaso3868/src/personal/hif/missing automake-1.16'
AWK='awk'
CC='gcc'
CCDEPMODE='depmode=gcc3'
CFLAGS='-g -O2'
CPPFLAGS=''
CYGPATH_W='echo'
DEFS='-DHAVE_CONFIG_H'
DEPDIR='.deps'
ECHO_C='\c'
ECHO_N=''
ECHO_T=''
EXEEXT=''
INSTALL_DATA='${INSTALL} -m 644'
INSTALL_PROGRAM='${INSTALL}'
INSTALL_SCRIPT='${INSTALL}'
INSTALL_STRIP_PROGRAM='$(install_sh) -c -s'
LDFLAGS=''
LIBOBJS=''
LIBS='-lsqlite3 '
LTLIBOBJS=''
MAKEINFO='${SHELL} /Users/jaso3868/src/personal/hif/missing makeinfo'
MKDIR_P='./install-sh -c -d'
OBJEXT='o'
PACKAGE='hif'
PACKAGE_BUGREPORT='jgshort@openiep.com'
PACKAGE_NAME='hif'
PACKAGE_STRING='hif 1.0.0'
PACKAGE_TARNAME='hif'
PACKAGE_URL=''
PACKAGE_VERSION='1.0.0'
PATH_SEPARATOR=':'
SET_MAKE=''
SHELL='/bin/sh'
STRIP=''
VERSION='1.0.0'
ac_ct_CC='gcc'
am__EXEEXT_FALSE=''
am__EXEEXT_TRUE='#'
am__fastdepCC_FALSE='#'
am__fastdepCC_TRUE=''
am__include='include'
am__isrc=''
am__leading_dot='.'
am__nodep='_no'
am__quote=''
am__tar='$${TAR-tar} chof - "$$tardir"'
am__untar='$${TAR-tar} xf -'
bindir='${exec_prefix}/bin'
build_alias=''
datadir='${datarootdir}'
datarootdir='${prefix}/share'
docdir='${datarootdir}/doc/${PACKAGE_TARNAME}'
dvidir='${docdir}'
exec_prefix='${prefix}'
host_alias=''
htmldir='${docdir}'
includedir='${prefix}/include'
infodir='${datarootdir}/info'
install_sh='${SHELL} /Users/jaso3868/src/personal/hif/install-sh'
libdir='${exec_prefix}/lib'
libexecdir='${exec_prefix}/libexec'
localedir='${datarootdir}/locale'
localstatedir='${prefix}/var'
mandir='${datarootdir}/man'
mkdir_p='$(MKDIR_P)'
oldincludedir='/usr/include'
pdfdir='${docdir}'
prefix='/usr/local'
program_transform_name='s,x,x,'
psdir='${docdir}'
sbindir='${exec_prefix}/sbin'
sharedstatedir='${prefix}/com'
sysconfdir='${prefix}/etc'
target_alias=''

## ----------- ##
## confdefs.h. ##
## ----------- ##

/* confdefs.h */
#define PACKAGE_NAME "hif"
#define PACKAGE_TARNAME "hif"
#define PACKAGE_VERSION "1.0.0"
#define PACKAGE_STRING "hif 1.0.0"
#define PACKAGE_BUGREPORT "jgshort@openiep.com"
#define PACKAGE_URL ""
#define PACKAGE "hif"
#define VERSION "1.0.0"

configure: exit 0
